<?xml version="1.0" encoding="UTF-8"?>
<testsuite name="com.lab3.todolist.ServerApplicationTests" tests="1" skipped="0" failures="0" errors="0" timestamp="2017-02-09T23:09:28" hostname="lucas-Inspiron-3442" time="0.018">
  <properties/>
  <testcase name="contextLoads" classname="com.lab3.todolist.ServerApplicationTests" time="0.018"/>
  <system-out><![CDATA[20:09:23.608 [Test worker] DEBUG org.springframework.test.context.junit4.SpringJUnit4ClassRunner - SpringJUnit4ClassRunner constructor called with [class com.lab3.todolist.ServerApplicationTests]
20:09:23.616 [Test worker] DEBUG org.springframework.test.context.BootstrapUtils - Instantiating CacheAwareContextLoaderDelegate from class [org.springframework.test.context.cache.DefaultCacheAwareContextLoaderDelegate]
20:09:23.624 [Test worker] DEBUG org.springframework.test.context.BootstrapUtils - Instantiating BootstrapContext using constructor [public org.springframework.test.context.support.DefaultBootstrapContext(java.lang.Class,org.springframework.test.context.CacheAwareContextLoaderDelegate)]
20:09:23.643 [Test worker] DEBUG org.springframework.test.context.BootstrapUtils - Instantiating TestContextBootstrapper for test class [com.lab3.todolist.ServerApplicationTests] from class [org.springframework.boot.test.context.SpringBootTestContextBootstrapper]
20:09:23.654 [Test worker] INFO org.springframework.boot.test.context.SpringBootTestContextBootstrapper - Neither @ContextConfiguration nor @ContextHierarchy found for test class [com.lab3.todolist.ServerApplicationTests], using SpringBootContextLoader
20:09:23.658 [Test worker] DEBUG org.springframework.test.context.support.AbstractContextLoader - Did not detect default resource location for test class [com.lab3.todolist.ServerApplicationTests]: class path resource [com/lab3/todolist/ServerApplicationTests-context.xml] does not exist
20:09:23.658 [Test worker] DEBUG org.springframework.test.context.support.AbstractContextLoader - Did not detect default resource location for test class [com.lab3.todolist.ServerApplicationTests]: class path resource [com/lab3/todolist/ServerApplicationTestsContext.groovy] does not exist
20:09:23.659 [Test worker] INFO org.springframework.test.context.support.AbstractContextLoader - Could not detect default resource locations for test class [com.lab3.todolist.ServerApplicationTests]: no resource found for suffixes {-context.xml, Context.groovy}.
20:09:23.660 [Test worker] INFO org.springframework.test.context.support.AnnotationConfigContextLoaderUtils - Could not detect default configuration classes for test class [com.lab3.todolist.ServerApplicationTests]: ServerApplicationTests does not declare any static, non-private, non-final, nested classes annotated with @Configuration.
20:09:23.704 [Test worker] DEBUG org.springframework.test.context.support.ActiveProfilesUtils - Could not find an 'annotation declaring class' for annotation type [org.springframework.test.context.ActiveProfiles] and class [com.lab3.todolist.ServerApplicationTests]
20:09:23.716 [Test worker] DEBUG org.springframework.core.env.StandardEnvironment - Adding [systemProperties] PropertySource with lowest search precedence
20:09:23.718 [Test worker] DEBUG org.springframework.core.env.StandardEnvironment - Adding [systemEnvironment] PropertySource with lowest search precedence
20:09:23.719 [Test worker] DEBUG org.springframework.core.env.StandardEnvironment - Initialized StandardEnvironment with PropertySources [systemProperties,systemEnvironment]
20:09:23.749 [Test worker] DEBUG org.springframework.core.io.support.PathMatchingResourcePatternResolver - Resolved classpath location [com/lab3/todolist/] to resources [URL [file:/home/lucas/Área%20de%20Trabalho/SI/labs/LAB03-SI/server/build/classes/test/com/lab3/todolist/], URL [file:/home/lucas/Área%20de%20Trabalho/SI/labs/LAB03-SI/server/build/classes/main/com/lab3/todolist/]]
20:09:23.750 [Test worker] DEBUG org.springframework.core.io.support.PathMatchingResourcePatternResolver - Looking for matching resources in directory tree [/home/lucas/Área de Trabalho/SI/labs/LAB03-SI/server/build/classes/test/com/lab3/todolist]
20:09:23.750 [Test worker] DEBUG org.springframework.core.io.support.PathMatchingResourcePatternResolver - Searching directory [/home/lucas/Área de Trabalho/SI/labs/LAB03-SI/server/build/classes/test/com/lab3/todolist] for files matching pattern [/home/lucas/Área de Trabalho/SI/labs/LAB03-SI/server/build/classes/test/com/lab3/todolist/*.class]
20:09:23.755 [Test worker] DEBUG org.springframework.core.io.support.PathMatchingResourcePatternResolver - Looking for matching resources in directory tree [/home/lucas/Área de Trabalho/SI/labs/LAB03-SI/server/build/classes/main/com/lab3/todolist]
20:09:23.755 [Test worker] DEBUG org.springframework.core.io.support.PathMatchingResourcePatternResolver - Searching directory [/home/lucas/Área de Trabalho/SI/labs/LAB03-SI/server/build/classes/main/com/lab3/todolist] for files matching pattern [/home/lucas/Área de Trabalho/SI/labs/LAB03-SI/server/build/classes/main/com/lab3/todolist/*.class]
20:09:23.757 [Test worker] DEBUG org.springframework.core.io.support.PathMatchingResourcePatternResolver - Resolved location pattern [classpath*:com/lab3/todolist/*.class] to resources [file [/home/lucas/Área de Trabalho/SI/labs/LAB03-SI/server/build/classes/test/com/lab3/todolist/ServerApplicationTests.class], file [/home/lucas/Área de Trabalho/SI/labs/LAB03-SI/server/build/classes/main/com/lab3/todolist/Application$1.class], file [/home/lucas/Área de Trabalho/SI/labs/LAB03-SI/server/build/classes/main/com/lab3/todolist/Application.class]]
20:09:23.812 [Test worker] DEBUG org.springframework.context.annotation.ClassPathScanningCandidateComponentProvider - Identified candidate component class: file [/home/lucas/Área de Trabalho/SI/labs/LAB03-SI/server/build/classes/main/com/lab3/todolist/Application.class]
20:09:23.814 [Test worker] INFO org.springframework.boot.test.context.SpringBootTestContextBootstrapper - Found @SpringBootConfiguration com.lab3.todolist.Application for test class com.lab3.todolist.ServerApplicationTests
20:09:23.819 [Test worker] DEBUG org.springframework.boot.test.context.SpringBootTestContextBootstrapper - @TestExecutionListeners is not present for class [com.lab3.todolist.ServerApplicationTests]: using defaults.
20:09:23.825 [Test worker] INFO org.springframework.boot.test.context.SpringBootTestContextBootstrapper - Loaded default TestExecutionListener class names from location [META-INF/spring.factories]: [org.springframework.boot.test.mock.mockito.MockitoTestExecutionListener, org.springframework.boot.test.mock.mockito.ResetMocksTestExecutionListener, org.springframework.boot.test.autoconfigure.restdocs.RestDocsTestExecutionListener, org.springframework.boot.test.autoconfigure.web.client.MockRestServiceServerResetTestExecutionListener, org.springframework.boot.test.autoconfigure.web.servlet.MockMvcPrintOnlyOnFailureTestExecutionListener, org.springframework.boot.test.autoconfigure.web.servlet.WebDriverTestExecutionListener, org.springframework.test.context.web.ServletTestExecutionListener, org.springframework.test.context.support.DirtiesContextBeforeModesTestExecutionListener, org.springframework.test.context.support.DependencyInjectionTestExecutionListener, org.springframework.test.context.support.DirtiesContextTestExecutionListener, org.springframework.test.context.transaction.TransactionalTestExecutionListener, org.springframework.test.context.jdbc.SqlScriptsTestExecutionListener]
20:09:23.848 [Test worker] INFO org.springframework.boot.test.context.SpringBootTestContextBootstrapper - Using TestExecutionListeners: [org.springframework.test.context.web.ServletTestExecutionListener@7b3bb255, org.springframework.test.context.support.DirtiesContextBeforeModesTestExecutionListener@b1624d0, org.springframework.boot.test.autoconfigure.SpringBootDependencyInjectionTestExecutionListener@26571309, org.springframework.test.context.support.DirtiesContextTestExecutionListener@1a6c33e8, org.springframework.test.context.transaction.TransactionalTestExecutionListener@3c6393ea, org.springframework.test.context.jdbc.SqlScriptsTestExecutionListener@6e90012, org.springframework.boot.test.mock.mockito.MockitoTestExecutionListener@1838849d, org.springframework.boot.test.autoconfigure.restdocs.RestDocsTestExecutionListener@63301701, org.springframework.boot.test.autoconfigure.web.servlet.WebDriverTestExecutionListener@43ec244e, org.springframework.boot.test.mock.mockito.ResetMocksTestExecutionListener@dcb55b1, org.springframework.boot.test.autoconfigure.web.client.MockRestServiceServerResetTestExecutionListener@518b34f9, org.springframework.boot.test.autoconfigure.web.servlet.MockMvcPrintOnlyOnFailureTestExecutionListener@32e0b9d6]
20:09:23.850 [Test worker] DEBUG org.springframework.test.annotation.ProfileValueUtils - Retrieved @ProfileValueSourceConfiguration [null] for test class [com.lab3.todolist.ServerApplicationTests]
20:09:23.851 [Test worker] DEBUG org.springframework.test.annotation.ProfileValueUtils - Retrieved ProfileValueSource type [class org.springframework.test.annotation.SystemProfileValueSource] for class [com.lab3.todolist.ServerApplicationTests]
20:09:23.852 [Test worker] DEBUG org.springframework.test.annotation.ProfileValueUtils - Retrieved @ProfileValueSourceConfiguration [null] for test class [com.lab3.todolist.ServerApplicationTests]
20:09:23.852 [Test worker] DEBUG org.springframework.test.annotation.ProfileValueUtils - Retrieved ProfileValueSource type [class org.springframework.test.annotation.SystemProfileValueSource] for class [com.lab3.todolist.ServerApplicationTests]
20:09:23.856 [Test worker] DEBUG org.springframework.test.context.support.AbstractDirtiesContextTestExecutionListener - Before test class: context [DefaultTestContext@74d6d9fa testClass = ServerApplicationTests, testInstance = [null], testMethod = [null], testException = [null], mergedContextConfiguration = [WebMergedContextConfiguration@58a0efdc testClass = ServerApplicationTests, locations = '{}', classes = '{class com.lab3.todolist.Application}', contextInitializerClasses = '[]', activeProfiles = '{}', propertySourceLocations = '{}', propertySourceProperties = '{org.springframework.boot.test.context.SpringBootTestContextBootstrapper=true}', contextCustomizers = set[org.springframework.boot.test.context.SpringBootTestContextCustomizer@1561ce61, org.springframework.boot.test.context.filter.ExcludeFilterContextCustomizer@3360846b, org.springframework.boot.test.mock.mockito.MockitoContextCustomizer@0, org.springframework.boot.test.autoconfigure.properties.PropertyMappingContextCustomizer@0, org.springframework.boot.test.autoconfigure.web.servlet.WebDriverContextCustomizerFactory$Customizer@55364714], resourceBasePath = 'src/main/webapp', contextLoader = 'org.springframework.boot.test.context.SpringBootContextLoader', parent = [null]]], class annotated with @DirtiesContext [false] with mode [null].
20:09:23.857 [Test worker] DEBUG org.springframework.test.annotation.ProfileValueUtils - Retrieved @ProfileValueSourceConfiguration [null] for test class [com.lab3.todolist.ServerApplicationTests]
20:09:23.857 [Test worker] DEBUG org.springframework.test.annotation.ProfileValueUtils - Retrieved ProfileValueSource type [class org.springframework.test.annotation.SystemProfileValueSource] for class [com.lab3.todolist.ServerApplicationTests]
20:09:23.928 [Test worker] DEBUG org.springframework.core.env.StandardEnvironment - Adding [systemProperties] PropertySource with lowest search precedence
20:09:23.929 [Test worker] DEBUG org.springframework.core.env.StandardEnvironment - Adding [systemEnvironment] PropertySource with lowest search precedence
20:09:23.929 [Test worker] DEBUG org.springframework.core.env.StandardEnvironment - Initialized StandardEnvironment with PropertySources [systemProperties,systemEnvironment]
20:09:23.930 [Test worker] DEBUG org.springframework.test.context.support.TestPropertySourceUtils - Adding inlined properties to environment: {spring.jmx.enabled=false, org.springframework.boot.test.context.SpringBootTestContextBootstrapper=true, server.port=-1}
20:09:23.931 [Test worker] DEBUG org.springframework.core.env.StandardEnvironment - Adding [Inlined Test Properties] PropertySource with highest search precedence

  .   ____          _            __ _ _
 /\\ / ___'_ __ _ _(_)_ __  __ _ \ \ \ \
( ( )\___ | '_ | '_| | '_ \/ _` | \ \ \ \
 \\/  ___)| |_)| | | | | || (_| |  ) ) ) )
  '  |____| .__|_| |_|_| |_\__, | / / / /
 =========|_|==============|___/=/_/_/_/
 :: Spring Boot ::        (v1.4.3.RELEASE)

2017-02-09 20:09:24.478  INFO 10702 --- [    Test worker] c.lab3.todolist.ServerApplicationTests   : Starting ServerApplicationTests on lucas-Inspiron-3442 with PID 10702 (started by lucas in /home/lucas/Área de Trabalho/SI/labs/LAB03-SI/server)
2017-02-09 20:09:24.479  INFO 10702 --- [    Test worker] c.lab3.todolist.ServerApplicationTests   : No active profile set, falling back to default profiles: default
2017-02-09 20:09:24.558  INFO 10702 --- [    Test worker] o.s.w.c.s.GenericWebApplicationContext   : Refreshing org.springframework.web.context.support.GenericWebApplicationContext@289df85d: startup date [Thu Feb 09 20:09:24 BRT 2017]; root of context hierarchy
2017-02-09 20:09:26.813  INFO 10702 --- [    Test worker] org.mongodb.driver.cluster               : Cluster created with settings {hosts=[localhost:27017], mode=MULTIPLE, requiredClusterType=UNKNOWN, serverSelectionTimeout='30000 ms', maxWaitQueueSize=500}
2017-02-09 20:09:26.813  INFO 10702 --- [    Test worker] org.mongodb.driver.cluster               : Adding discovered server localhost:27017 to client view of cluster
2017-02-09 20:09:26.895  INFO 10702 --- [localhost:27017] org.mongodb.driver.connection            : Opened connection [connectionId{localValue:1, serverValue:22}] to localhost:27017
2017-02-09 20:09:26.899  INFO 10702 --- [localhost:27017] org.mongodb.driver.cluster               : Monitor thread successfully connected to server with description ServerDescription{address=localhost:27017, type=STANDALONE, state=CONNECTED, ok=true, version=ServerVersion{versionList=[2, 4, 9]}, minWireVersion=0, maxWireVersion=0, maxDocumentSize=16777216, roundTripTimeNanos=2069756}
2017-02-09 20:09:26.900  INFO 10702 --- [localhost:27017] org.mongodb.driver.cluster               : Discovered cluster type of STANDALONE
2017-02-09 20:09:27.850  INFO 10702 --- [    Test worker] s.w.s.m.m.a.RequestMappingHandlerAdapter : Looking for @ControllerAdvice: org.springframework.web.context.support.GenericWebApplicationContext@289df85d: startup date [Thu Feb 09 20:09:24 BRT 2017]; root of context hierarchy
2017-02-09 20:09:27.941  INFO 10702 --- [    Test worker] s.w.s.m.m.a.RequestMappingHandlerMapping : Mapped "{[/agendas],methods=[GET]}" onto public java.util.List<com.lab3.todolist.models.Agenda> com.lab3.todolist.controllers.AgendaController.getAgendas()
2017-02-09 20:09:27.943  INFO 10702 --- [    Test worker] s.w.s.m.m.a.RequestMappingHandlerMapping : Mapped "{[/agendas],methods=[POST],consumes=[application/json],produces=[application/json]}" onto public org.springframework.http.ResponseEntity<com.lab3.todolist.models.Agenda> com.lab3.todolist.controllers.AgendaController.addAgenda(com.lab3.todolist.models.Agenda)
2017-02-09 20:09:27.944  INFO 10702 --- [    Test worker] s.w.s.m.m.a.RequestMappingHandlerMapping : Mapped "{[/agendas/{route_id}],methods=[PUT],consumes=[application/json],produces=[application/json]}" onto public org.springframework.http.ResponseEntity<com.lab3.todolist.models.Agenda> com.lab3.todolist.controllers.AgendaController.updateAgenda(java.lang.String,com.lab3.todolist.models.Agenda)
2017-02-09 20:09:27.944  INFO 10702 --- [    Test worker] s.w.s.m.m.a.RequestMappingHandlerMapping : Mapped "{[/agendas/{route_id}],methods=[DELETE]}" onto public org.springframework.http.ResponseEntity<java.lang.Void> com.lab3.todolist.controllers.AgendaController.deleteAgenda(java.lang.String)
2017-02-09 20:09:27.945  INFO 10702 --- [    Test worker] s.w.s.m.m.a.RequestMappingHandlerMapping : Mapped "{[/agendas],methods=[DELETE]}" onto public org.springframework.http.ResponseEntity<java.lang.Void> com.lab3.todolist.controllers.AgendaController.deleteAgendas()
2017-02-09 20:09:27.947  INFO 10702 --- [    Test worker] s.w.s.m.m.a.RequestMappingHandlerMapping : Mapped "{[/agendas/{route_id}/tasks/{task_id}/subtasks/{subtask_id}],methods=[PUT],consumes=[application/json],produces=[application/json]}" onto public org.springframework.http.ResponseEntity<com.lab3.todolist.models.Subtarefa> com.lab3.todolist.controllers.SubtaskController.updateTask(java.lang.String,java.lang.String,java.lang.String,com.lab3.todolist.models.Subtarefa)
2017-02-09 20:09:27.947  INFO 10702 --- [    Test worker] s.w.s.m.m.a.RequestMappingHandlerMapping : Mapped "{[/agendas/{route_id}/tasks/{task_id}/subtasks/{subtask_id}],methods=[DELETE]}" onto public org.springframework.http.ResponseEntity<java.lang.Void> com.lab3.todolist.controllers.SubtaskController.deleteSubtask(java.lang.String,java.lang.String,java.lang.String)
2017-02-09 20:09:27.948  INFO 10702 --- [    Test worker] s.w.s.m.m.a.RequestMappingHandlerMapping : Mapped "{[/agendas/{route_id}/tasks/{task_id}/subtasks],methods=[GET]}" onto public java.util.List<com.lab3.todolist.models.Subtarefa> com.lab3.todolist.controllers.SubtaskController.getSubTasks(java.lang.String,java.lang.String)
2017-02-09 20:09:27.948  INFO 10702 --- [    Test worker] s.w.s.m.m.a.RequestMappingHandlerMapping : Mapped "{[/agendas/{route_id}/tasks/{task_id}/subtasks],methods=[POST],consumes=[application/json],produces=[application/json]}" onto public org.springframework.http.ResponseEntity<com.lab3.todolist.models.Subtarefa> com.lab3.todolist.controllers.SubtaskController.addSubtask(java.lang.String,java.lang.String,com.lab3.todolist.models.Subtarefa)
2017-02-09 20:09:27.951  INFO 10702 --- [    Test worker] s.w.s.m.m.a.RequestMappingHandlerMapping : Mapped "{[/agendas/{route_id}/tasks/{task_id}],methods=[PUT],consumes=[application/json],produces=[application/json]}" onto public org.springframework.http.ResponseEntity<com.lab3.todolist.models.Tarefa> com.lab3.todolist.controllers.TaskController.updateTask(java.lang.String,java.lang.String,com.lab3.todolist.models.Tarefa)
2017-02-09 20:09:27.951  INFO 10702 --- [    Test worker] s.w.s.m.m.a.RequestMappingHandlerMapping : Mapped "{[/agendas/tasks],methods=[GET]}" onto public java.util.List<com.lab3.todolist.models.Tarefa> com.lab3.todolist.controllers.TaskController.getAllTasks()
2017-02-09 20:09:27.952  INFO 10702 --- [    Test worker] s.w.s.m.m.a.RequestMappingHandlerMapping : Mapped "{[/agendas/{route_id}/tasks],methods=[GET]}" onto public java.util.List<com.lab3.todolist.models.Tarefa> com.lab3.todolist.controllers.TaskController.getTasks(java.lang.String)
2017-02-09 20:09:27.952  INFO 10702 --- [    Test worker] s.w.s.m.m.a.RequestMappingHandlerMapping : Mapped "{[/agendas/{route_id}/tasks],methods=[POST],consumes=[application/json],produces=[application/json]}" onto public org.springframework.http.ResponseEntity<com.lab3.todolist.models.Tarefa> com.lab3.todolist.controllers.TaskController.addTask(java.lang.String,com.lab3.todolist.models.Tarefa)
2017-02-09 20:09:27.953  INFO 10702 --- [    Test worker] s.w.s.m.m.a.RequestMappingHandlerMapping : Mapped "{[/agendas/{route_id}/tasks/{task_id}],methods=[DELETE]}" onto public org.springframework.http.ResponseEntity<java.lang.Void> com.lab3.todolist.controllers.TaskController.deleteTask(java.lang.String,java.lang.String)
2017-02-09 20:09:27.953  INFO 10702 --- [    Test worker] s.w.s.m.m.a.RequestMappingHandlerMapping : Mapped "{[/agendas/{route_id}/tasks],methods=[DELETE]}" onto public org.springframework.http.ResponseEntity<java.lang.Void> com.lab3.todolist.controllers.TaskController.deleteTasks(java.lang.String)
2017-02-09 20:09:27.956  INFO 10702 --- [    Test worker] s.w.s.m.m.a.RequestMappingHandlerMapping : Mapped "{[/error],produces=[text/html]}" onto public org.springframework.web.servlet.ModelAndView org.springframework.boot.autoconfigure.web.BasicErrorController.errorHtml(javax.servlet.http.HttpServletRequest,javax.servlet.http.HttpServletResponse)
2017-02-09 20:09:27.956  INFO 10702 --- [    Test worker] s.w.s.m.m.a.RequestMappingHandlerMapping : Mapped "{[/error]}" onto public org.springframework.http.ResponseEntity<java.util.Map<java.lang.String, java.lang.Object>> org.springframework.boot.autoconfigure.web.BasicErrorController.error(javax.servlet.http.HttpServletRequest)
2017-02-09 20:09:27.999  INFO 10702 --- [    Test worker] o.s.w.s.handler.SimpleUrlHandlerMapping  : Mapped URL path [/webjars/**] onto handler of type [class org.springframework.web.servlet.resource.ResourceHttpRequestHandler]
2017-02-09 20:09:27.999  INFO 10702 --- [    Test worker] o.s.w.s.handler.SimpleUrlHandlerMapping  : Mapped URL path [/**] onto handler of type [class org.springframework.web.servlet.resource.ResourceHttpRequestHandler]
2017-02-09 20:09:28.050  INFO 10702 --- [    Test worker] o.s.w.s.handler.SimpleUrlHandlerMapping  : Mapped URL path [/**/favicon.ico] onto handler of type [class org.springframework.web.servlet.resource.ResourceHttpRequestHandler]
2017-02-09 20:09:28.302  INFO 10702 --- [    Test worker] c.lab3.todolist.ServerApplicationTests   : Started ServerApplicationTests in 4.362 seconds (JVM running for 5.518)
]]></system-out>
  <system-err><![CDATA[]]></system-err>
</testsuite>
